<?xml version="1.0" encoding="UTF-8" ?>
<testsuites>
<testsuite name="Frisby Test: [IDENTIFY] Gem: Frenzy l20 q23 corrupted" errors="0" tests="1" failures="0" time="0.017" timestamp="2016-06-17T16:35:43">
  <testcase classname="Frisby Test: [IDENTIFY] Gem: Frenzy l20 q23 corrupted" name="
	[ POST http://localhost:9000 ]" time="0.017"></testcase>
</testsuite>
</testsuites>