<?xml version="1.0" encoding="UTF-8" ?>
<testsuites>
<testsuite name="Frisby Test: [IDENTIFY] Divination Card: The Carrion Crow" errors="0" tests="1" failures="0" time="0.013" timestamp="2016-06-17T16:35:42">
  <testcase classname="Frisby Test: [IDENTIFY] Divination Card: The Carrion Crow" name="
	[ POST http://localhost:9000 ]" time="0.013"></testcase>
</testsuite>
</testsuites>