<?xml version="1.0" encoding="UTF-8" ?>
<testsuites>
<testsuite name="Frisby Test: [IDENTIFY] Prophecy: The Prison Guard" errors="0" tests="1" failures="0" time="0.028" timestamp="2016-06-17T16:35:42">
  <testcase classname="Frisby Test: [IDENTIFY] Prophecy: The Prison Guard" name="
	[ POST http://localhost:9000 ]" time="0.028"></testcase>
</testsuite>
</testsuites>